Release 14.7 - xst P.20131013 (nt64)
Copyright (c) 1995-2013 Xilinx, Inc.  All rights reserved.
--> Parameter TMPDIR set to xst/projnav.tmp


Total REAL time to Xst completion: 0.00 secs
Total CPU time to Xst completion: 0.14 secs
 
--> Parameter xsthdpdir set to xst


Total REAL time to Xst completion: 0.00 secs
Total CPU time to Xst completion: 0.14 secs
 
--> Reading design: LedCPUwithROM.prj

TABLE OF CONTENTS
  1) Synthesis Options Summary
  2) HDL Compilation
  3) Design Hierarchy Analysis
  4) HDL Analysis
  5) HDL Synthesis
     5.1) HDL Synthesis Report
  6) Advanced HDL Synthesis
     6.1) Advanced HDL Synthesis Report
  7) Low Level Synthesis
  8) Partition Report
  9) Final Report
	9.1) Device utilization summary
	9.2) Partition Resource Summary
	9.3) TIMING REPORT


=========================================================================
*                      Synthesis Options Summary                        *
=========================================================================
---- Source Parameters
Input File Name                    : "LedCPUwithROM.prj"
Input Format                       : mixed
Ignore Synthesis Constraint File   : NO

---- Target Parameters
Output File Name                   : "LedCPUwithROM"
Output Format                      : NGC
Target Device                      : xc3s100e-4-cp132

---- Source Options
Top Module Name                    : LedCPUwithROM
Automatic FSM Extraction           : YES
FSM Encoding Algorithm             : Auto
Safe Implementation                : No
FSM Style                          : LUT
RAM Extraction                     : Yes
RAM Style                          : Auto
ROM Extraction                     : Yes
Mux Style                          : Auto
Decoder Extraction                 : YES
Priority Encoder Extraction        : Yes
Shift Register Extraction          : YES
Logical Shifter Extraction         : YES
XOR Collapsing                     : YES
ROM Style                          : Auto
Mux Extraction                     : Yes
Resource Sharing                   : YES
Asynchronous To Synchronous        : NO
Multiplier Style                   : Auto
Automatic Register Balancing       : No

---- Target Options
Add IO Buffers                     : YES
Global Maximum Fanout              : 500
Add Generic Clock Buffer(BUFG)     : 24
Register Duplication               : YES
Slice Packing                      : YES
Optimize Instantiated Primitives   : NO
Use Clock Enable                   : Yes
Use Synchronous Set                : Yes
Use Synchronous Reset              : Yes
Pack IO Registers into IOBs        : Auto
Equivalent register Removal        : YES

---- General Options
Optimization Goal                  : Speed
Optimization Effort                : 1
Keep Hierarchy                     : No
Netlist Hierarchy                  : As_Optimized
RTL Output                         : Yes
Global Optimization                : AllClockNets
Read Cores                         : YES
Write Timing Constraints           : NO
Cross Clock Analysis               : NO
Hierarchy Separator                : /
Bus Delimiter                      : <>
Case Specifier                     : Maintain
Slice Utilization Ratio            : 100
BRAM Utilization Ratio             : 100
Verilog 2001                       : YES
Auto BRAM Packing                  : NO
Slice Utilization Ratio Delta      : 5

=========================================================================


=========================================================================
*                          HDL Compilation                              *
=========================================================================
Compiling verilog file "ROM.v" in library work
Compiling verilog file "LedCPUcore.v" in library work
Module <ROM> compiled
Compiling verilog file "LedCPUwithROM.v" in library work
Module <LedCPUcore> compiled
Module <LedCPUwithROM> compiled
No errors in compilation
Analysis of file <"LedCPUwithROM.prj"> succeeded.
 

=========================================================================
*                     Design Hierarchy Analysis                         *
=========================================================================
Analyzing hierarchy for module <LedCPUwithROM> in library <work> with parameters.
	FREQ = "00000000001011111010111100001000"

Analyzing hierarchy for module <LedCPUcore> in library <work> with parameters.
	FREQ = "00000000001011111010111100001000"

Analyzing hierarchy for module <ROM> in library <work>.


=========================================================================
*                            HDL Analysis                               *
=========================================================================
Analyzing top module <LedCPUwithROM>.
	FREQ = 32'sb00000000001011111010111100001000
Module <LedCPUwithROM> is correct for synthesis.
 
Analyzing module <LedCPUcore> in library <work>.
	FREQ = 32'sb00000000001011111010111100001000
Module <LedCPUcore> is correct for synthesis.
 
Analyzing module <ROM> in library <work>.
Module <ROM> is correct for synthesis.
 

=========================================================================
*                           HDL Synthesis                               *
=========================================================================

Performing bidirectional port resolution...

Synthesizing Unit <LedCPUcore>.
    Related source file is "LedCPUcore.v".
    Found 8-bit register for signal <outPattern>.
    Found 8-bit up counter for signal <addrRd>.
    Found 8-bit comparator equal for signal <addrRd$cmp_eq0000> created at line 59.
    Found 26-bit up counter for signal <count>.
    Found 8-bit up counter for signal <processTime>.
    Summary:
	inferred   3 Counter(s).
	inferred   8 D-type flip-flop(s).
	inferred   1 Comparator(s).
Unit <LedCPUcore> synthesized.


Synthesizing Unit <ROM>.
    Related source file is "ROM.v".
    Found 16x16-bit ROM for signal <dataRd$mux0000>.
    Summary:
	inferred   1 ROM(s).
Unit <ROM> synthesized.


Synthesizing Unit <LedCPUwithROM>.
    Related source file is "LedCPUwithROM.v".
Unit <LedCPUwithROM> synthesized.


=========================================================================
HDL Synthesis Report

Macro Statistics
# ROMs                                                 : 1
 16x16-bit ROM                                         : 1
# Counters                                             : 3
 26-bit up counter                                     : 1
 8-bit up counter                                      : 2
# Registers                                            : 1
 8-bit register                                        : 1
# Comparators                                          : 1
 8-bit comparator equal                                : 1

=========================================================================

=========================================================================
*                       Advanced HDL Synthesis                          *
=========================================================================


=========================================================================
Advanced HDL Synthesis Report

Macro Statistics
# ROMs                                                 : 1
 16x16-bit ROM                                         : 1
# Counters                                             : 3
 26-bit up counter                                     : 1
 8-bit up counter                                      : 2
# Registers                                            : 8
 Flip-Flops                                            : 8
# Comparators                                          : 1
 8-bit comparator equal                                : 1

=========================================================================

=========================================================================
*                         Low Level Synthesis                           *
=========================================================================

Optimizing unit <LedCPUwithROM> ...

Optimizing unit <LedCPUcore> ...

Mapping all equations...
Building and optimizing final netlist ...
Found area constraint ratio of 100 (+ 5) on block LedCPUwithROM, actual ratio is 3.

Final Macro Processing ...

=========================================================================
Final Register Report

Macro Statistics
# Registers                                            : 50
 Flip-Flops                                            : 50

=========================================================================

=========================================================================
*                           Partition Report                            *
=========================================================================

Partition Implementation Status
-------------------------------

  No Partitions were found in this design.

-------------------------------

=========================================================================
*                            Final Report                               *
=========================================================================
Final Results
RTL Top Level Output File Name     : LedCPUwithROM.ngr
Top Level Output File Name         : LedCPUwithROM
Output Format                      : NGC
Optimization Goal                  : Speed
Keep Hierarchy                     : No

Design Statistics
# IOs                              : 10

Cell Usage :
# BELS                             : 163
#      GND                         : 1
#      INV                         : 3
#      LUT1                        : 39
#      LUT2                        : 6
#      LUT3                        : 7
#      LUT3_D                      : 1
#      LUT4                        : 15
#      LUT4_D                      : 2
#      MUXCY                       : 46
#      VCC                         : 1
#      XORCY                       : 42
# FlipFlops/Latches                : 50
#      FDRE                        : 50
# Clock Buffers                    : 1
#      BUFGP                       : 1
# IO Buffers                       : 9
#      IBUF                        : 1
#      OBUF                        : 8
=========================================================================

Device utilization summary:
---------------------------

Selected Device : 3s100ecp132-4 

 Number of Slices:                       37  out of    960     3%  
 Number of Slice Flip Flops:             50  out of   1920     2%  
 Number of 4 input LUTs:                 73  out of   1920     3%  
 Number of IOs:                          10
 Number of bonded IOBs:                  10  out of     83    12%  
 Number of GCLKs:                         1  out of     24     4%  

---------------------------
Partition Resource Summary:
---------------------------

  No Partitions were found in this design.

---------------------------


=========================================================================
TIMING REPORT

NOTE: THESE TIMING NUMBERS ARE ONLY A SYNTHESIS ESTIMATE.
      FOR ACCURATE TIMING INFORMATION PLEASE REFER TO THE TRACE REPORT
      GENERATED AFTER PLACE-and-ROUTE.

Clock Information:
------------------
-----------------------------------+------------------------+-------+
Clock Signal                       | Clock buffer(FF name)  | Load  |
-----------------------------------+------------------------+-------+
clk                                | BUFGP                  | 50    |
-----------------------------------+------------------------+-------+

Asynchronous Control Signals Information:
----------------------------------------
No asynchronous control signals found in this design

Timing Summary:
---------------
Speed Grade: -4

   Minimum period: 7.618ns (Maximum Frequency: 131.260MHz)
   Minimum input arrival time before clock: 5.336ns
   Maximum output required time after clock: 4.283ns
   Maximum combinational path delay: No path found

Timing Detail:
--------------
All values displayed in nanoseconds (ns)

=========================================================================
Timing constraint: Default period analysis for Clock 'clk'
  Clock period: 7.618ns (frequency: 131.260MHz)
  Total number of paths / destination ports: 2086 / 134
-------------------------------------------------------------------------
Delay:               7.618ns (Levels of Logic = 3)
  Source:            LedCPUcore/addrRd_7 (FF)
  Destination:       LedCPUcore/count_25 (FF)
  Source Clock:      clk rising
  Destination Clock: clk rising

  Data Path: LedCPUcore/addrRd_7 to LedCPUcore/count_25
                                Gate     Net
    Cell:in->out      fanout   Delay   Delay  Logical Name (Net Name)
    ----------------------------------------  ------------
     FDRE:C->Q             2   0.591   0.622  LedCPUcore/addrRd_7 (LedCPUcore/addrRd_7)
     LUT4_D:I0->O          9   0.704   0.824  ROM/dataRd_and00001 (ROM/dataRd_and0000)
     LUT4:I3->O           35   0.704   1.298  ROM/dataRd<3>1_1 (ROM/dataRd<3>1)
     LUT3:I2->O           26   0.704   1.260  LedCPUcore/count_or00001 (LedCPUcore/count_or0000)
     FDRE:R                    0.911          LedCPUcore/count_0
    ----------------------------------------
    Total                      7.618ns (3.614ns logic, 4.004ns route)
                                       (47.4% logic, 52.6% route)

=========================================================================
Timing constraint: Default OFFSET IN BEFORE for Clock 'clk'
  Total number of paths / destination ports: 50 / 50
-------------------------------------------------------------------------
Offset:              5.336ns (Levels of Logic = 2)
  Source:            rst (PAD)
  Destination:       LedCPUcore/count_25 (FF)
  Destination Clock: clk rising

  Data Path: rst to LedCPUcore/count_25
                                Gate     Net
    Cell:in->out      fanout   Delay   Delay  Logical Name (Net Name)
    ----------------------------------------  ------------
     IBUF:I->O            18   1.218   1.243  rst_IBUF (rst_IBUF)
     LUT3:I0->O           26   0.704   1.260  LedCPUcore/count_or00001 (LedCPUcore/count_or0000)
     FDRE:R                    0.911          LedCPUcore/count_0
    ----------------------------------------
    Total                      5.336ns (2.833ns logic, 2.503ns route)
                                       (53.1% logic, 46.9% route)

=========================================================================
Timing constraint: Default OFFSET OUT AFTER for Clock 'clk'
  Total number of paths / destination ports: 8 / 8
-------------------------------------------------------------------------
Offset:              4.283ns (Levels of Logic = 1)
  Source:            LedCPUcore/outPattern_7 (FF)
  Destination:       outPattern<7> (PAD)
  Source Clock:      clk rising

  Data Path: LedCPUcore/outPattern_7 to outPattern<7>
                                Gate     Net
    Cell:in->out      fanout   Delay   Delay  Logical Name (Net Name)
    ----------------------------------------  ------------
     FDRE:C->Q             1   0.591   0.420  LedCPUcore/outPattern_7 (LedCPUcore/outPattern_7)
     OBUF:I->O                 3.272          outPattern_7_OBUF (outPattern<7>)
    ----------------------------------------
    Total                      4.283ns (3.863ns logic, 0.420ns route)
                                       (90.2% logic, 9.8% route)

=========================================================================


Total REAL time to Xst completion: 5.00 secs
Total CPU time to Xst completion: 5.47 secs
 
--> 

Total memory usage is 4513720 kilobytes

Number of errors   :    0 (   0 filtered)
Number of warnings :    0 (   0 filtered)
Number of infos    :    0 (   0 filtered)

